%!Adobe-FontList 1.20
%Locale:0x404

%BeginFont
Handler:DirectoryHandler
FontType:TrueType
FontName:YouSheBiaoTiHei
FamilyName:YouSheBiaoTiHei
StyleName:Regular
FullName:YouSheBiaoTiHei
MenuName:YouSheBiaoTiHei
StyleBits:0
FamilyNameNative:优设标题黑
StyleNameNative:Regular
FullNameNative:优设标题黑 Regular
WritingScript:SimplifiedChinese
OutlineFileName:E:\HTML\海鑫娛樂\Font\YouSheBiaoTiHei-2.ttf
DataFormat:sfntData
hasSVG:no
VariableFontType:NonVariableFont
FileLength:1414784
FileModTime:1659962662
WeightClass:400
WidthClass:5
AngleClass:0
NameArray:0,Mac,4,YouSheBiaoTiHei
NameArray:0,Win,1,YouSheBiaoTiHei
NameArray:25,Win,1,优设标题黑
%EndFont

